<?xml version="1.0" encoding="UTF-8"?>
<testsuite xmlns:xsi="http://www.w3.org/2001/XMLSchema-instance" xsi:schemaLocation="https://maven.apache.org/surefire/maven-surefire-plugin/xsd/surefire-test-report.xsd" name="TestSuite" time="37.111" tests="3" errors="0" skipped="0" failures="0">
  <properties>
[...]
</properties>
  <testcase name="Test1" classname="TestCases.TestCases" time="11.444"/>
  <testcase name="Test2" classname="TestCases.TestCases" time="10.592"/>
  <testcase name="Test3" classname="TestCases.TestCases" time="3.999"/>
</testsuite>