<?xml version="1.0" encoding="UTF-8"?>
<testng-results ignored="0" total="3" passed="3" failed="0" skipped="0">
  <reporter-output>
  </reporter-output>
  <suite started-at="2023-01-07T16:30:26 IST" name="Suite" finished-at="2023-01-07T16:31:55 IST" duration-ms="89550">
    <groups>
    </groups>
    <test started-at="2023-01-07T16:30:26 IST" name="Test" finished-at="2023-01-07T16:31:55 IST" duration-ms="89550">
      <class name="TestCases.TestCases">
        <test-method is-config="true" signature="launchDriver()[pri:0, instance:TestCases.TestCases@8f2ef19]" started-at="2023-01-07T16:30:26 IST" name="launchDriver" finished-at="2023-01-07T16:31:23 IST" duration-ms="57508" status="PASS">
          <reporter-output>
          </reporter-output>
        </test-method> <!-- launchDriver -->
        <test-method signature="Test1()[pri:0, instance:TestCases.TestCases@8f2ef19]" started-at="2023-01-07T16:31:23 IST" name="Test1" finished-at="2023-01-07T16:31:34 IST" duration-ms="10809" status="PASS">
          <reporter-output>
          </reporter-output>
        </test-method> <!-- Test1 -->
        <test-method is-config="true" signature="quit()[pri:0, instance:TestCases.TestCases@8f2ef19]" started-at="2023-01-07T16:31:34 IST" name="quit" finished-at="2023-01-07T16:31:35 IST" duration-ms="439" status="PASS">
          <reporter-output>
          </reporter-output>
        </test-method> <!-- quit -->
        <test-method is-config="true" signature="launchDriver()[pri:0, instance:TestCases.TestCases@8f2ef19]" started-at="2023-01-07T16:31:35 IST" name="launchDriver" finished-at="2023-01-07T16:31:37 IST" duration-ms="2439" status="PASS">
          <reporter-output>
          </reporter-output>
        </test-method> <!-- launchDriver -->
        <test-method signature="Test2()[pri:0, instance:TestCases.TestCases@8f2ef19]" started-at="2023-01-07T16:31:37 IST" name="Test2" finished-at="2023-01-07T16:31:46 IST" duration-ms="9034" status="PASS">
          <reporter-output>
          </reporter-output>
        </test-method> <!-- Test2 -->
        <test-method is-config="true" signature="quit()[pri:0, instance:TestCases.TestCases@8f2ef19]" started-at="2023-01-07T16:31:46 IST" name="quit" finished-at="2023-01-07T16:31:46 IST" duration-ms="248" status="PASS">
          <reporter-output>
          </reporter-output>
        </test-method> <!-- quit -->
        <test-method is-config="true" signature="launchDriver()[pri:0, instance:TestCases.TestCases@8f2ef19]" started-at="2023-01-07T16:31:46 IST" name="launchDriver" finished-at="2023-01-07T16:31:48 IST" duration-ms="1314" status="PASS">
          <reporter-output>
          </reporter-output>
        </test-method> <!-- launchDriver -->
        <test-method signature="Test3()[pri:0, instance:TestCases.TestCases@8f2ef19]" started-at="2023-01-07T16:31:48 IST" name="Test3" finished-at="2023-01-07T16:31:54 IST" duration-ms="6861" status="PASS">
          <reporter-output>
          </reporter-output>
        </test-method> <!-- Test3 -->
        <test-method is-config="true" signature="quit()[pri:0, instance:TestCases.TestCases@8f2ef19]" started-at="2023-01-07T16:31:54 IST" name="quit" finished-at="2023-01-07T16:31:55 IST" duration-ms="769" status="PASS">
          <reporter-output>
          </reporter-output>
        </test-method> <!-- quit -->
      </class> <!-- TestCases.TestCases -->
    </test> <!-- Test -->
  </suite> <!-- Suite -->
</testng-results>
